<?xml version="1.0" encoding="UTF-8"?>
<!-- Generated by org.testng.reporters.JUnitXMLReporter -->
<testsuite ignored="0" hostname="LT-LZ-0091" failures="0" tests="1" name="OpenCart_webpage" time="2.681" errors="0" timestamp="2021-09-04T16:11:04 IST">
  <testcase classname="testBase.BaseClass" name="@BeforeClass setup" time="2.642">
    <failure type="java.lang.NullPointerException" message="Cannot invoke &amp;quot;org.apache.logging.log4j.Logger.info(String)&amp;quot; because &amp;quot;this.logger&amp;quot; is null">
      <![CDATA[java.lang.NullPointerException: Cannot invoke "org.apache.logging.log4j.Logger.info(String)" because "this.logger" is null
at testBase.BaseClass.setup(BaseClass.java:31)
at java.base/java.util.ArrayList.forEach(ArrayList.java:1511)
... Removed 25 stack frames]]>
    </failure>
  </testcase> <!-- @BeforeClass setup -->
  <testcase classname="testBase.BaseClass" name="@AfterClass tearDown" time="-1.630752064949E9">
    <skipped/>
  </testcase> <!-- @AfterClass tearDown -->
  <testcase classname="testCases.TC_001_AccountRegistration" name="test_accout_Registration" time="0.0">
    <skipped/>
  </testcase> <!-- test_accout_Registration -->
</testsuite> <!-- OpenCart_webpage -->
