<?xml version="1.0" encoding="UTF-8"?>
<testng-results ignored="0" total="1" passed="1" failed="0" skipped="0">
  <reporter-output>
  </reporter-output>
  <suite started-at="2021-09-05T10:16:46 IST" name="OpenCart Test Suite" finished-at="2021-09-05T10:16:56 IST" duration-ms="9638">
    <groups>
    </groups>
    <test started-at="2021-09-05T10:16:46 IST" name="OpenCart Tests" finished-at="2021-09-05T10:16:56 IST" duration-ms="9638">
      <class name="testCases.TC_002_Login">
        <test-method is-config="true" signature="setup(java.lang.String)[pri:0, instance:testCases.TC_002_Login@173ed316]" started-at="2021-09-05T10:16:46 IST" name="setup" finished-at="2021-09-05T10:16:49 IST" duration-ms="2419" status="PASS">
          <params>
            <param index="0">
              <value>
                <![CDATA[chrome]]>
              </value>
            </param>
          </params>
          <reporter-output>
          </reporter-output>
        </test-method> <!-- setup -->
        <test-method signature="test_Login()[pri:0, instance:testCases.TC_002_Login@173ed316]" started-at="2021-09-05T10:16:49 IST" name="test_Login" finished-at="2021-09-05T10:16:56 IST" duration-ms="6756" status="PASS">
          <reporter-output>
          </reporter-output>
        </test-method> <!-- test_Login -->
        <test-method is-config="true" signature="tearDown()[pri:0, instance:testCases.TC_002_Login@173ed316]" started-at="2021-09-05T10:16:56 IST" name="tearDown" finished-at="2021-09-05T10:16:56 IST" duration-ms="191" status="PASS">
          <reporter-output>
          </reporter-output>
        </test-method> <!-- tearDown -->
      </class> <!-- testCases.TC_002_Login -->
    </test> <!-- OpenCart Tests -->
  </suite> <!-- OpenCart Test Suite -->
</testng-results>
