<?xml version="1.0" encoding="UTF-8"?>
<testng-results ignored="0" total="1" passed="1" failed="0" skipped="0">
  <reporter-output>
  </reporter-output>
  <suite started-at="2021-09-11T16:58:37 IST" name="OpenCart Test Suite" finished-at="2021-09-11T16:58:48 IST" duration-ms="11532">
    <groups>
    </groups>
    <test started-at="2021-09-11T16:58:37 IST" name="OpenCart Tests" finished-at="2021-09-11T16:58:48 IST" duration-ms="11532">
      <class name="testCases.TC_LF_009">
        <test-method is-config="true" signature="setup(java.lang.String)[pri:0, instance:testCases.TC_LF_009@7674f035]" started-at="2021-09-11T16:58:37 IST" name="setup" finished-at="2021-09-11T16:58:40 IST" duration-ms="3359" status="PASS">
          <params>
            <param index="0">
              <value>
                <![CDATA[chrome]]>
              </value>
            </param>
          </params>
          <reporter-output>
          </reporter-output>
        </test-method> <!-- setup -->
        <test-method signature="backword()[pri:1, instance:testCases.TC_LF_009@7674f035]" started-at="2021-09-11T16:58:40 IST" name="backword" finished-at="2021-09-11T16:58:48 IST" duration-ms="7852" status="PASS">
          <reporter-output>
          </reporter-output>
        </test-method> <!-- backword -->
      </class> <!-- testCases.TC_LF_009 -->
    </test> <!-- OpenCart Tests -->
  </suite> <!-- OpenCart Test Suite -->
</testng-results>
